C:\USERS\ADMINISTRATOR\DESKTOP\图说地理\GIS21_图说地理\DEBUG\CHILDFRM.OBJ
C:\Users\Administrator\Desktop\图说地理\GIS21_图说地理\Debug\cl.command.1.tlog
C:\Users\Administrator\Desktop\图说地理\GIS21_图说地理\Debug\CL.read.1.tlog
C:\Users\Administrator\Desktop\图说地理\GIS21_图说地理\Debug\CL.write.1.tlog
C:\USERS\ADMINISTRATOR\DESKTOP\图说地理\GIS21_图说地理\DEBUG\CPOINT.OBJ
C:\USERS\ADMINISTRATOR\DESKTOP\图说地理\GIS21_图说地理\DEBUG\DRAW.OBJ
C:\USERS\ADMINISTRATOR\DESKTOP\图说地理\GIS21_图说地理\DEBUG\GIS21_图说地理.EXE
C:\USERS\ADMINISTRATOR\DESKTOP\图说地理\GIS21_图说地理\DEBUG\GIS21_图说地理.EXE.EMBED.MANIFEST
C:\USERS\ADMINISTRATOR\DESKTOP\图说地理\GIS21_图说地理\DEBUG\GIS21_图说地理.EXE.EMBED.MANIFEST.RES
C:\USERS\ADMINISTRATOR\DESKTOP\图说地理\GIS21_图说地理\DEBUG\GIS21_图说地理.EXE.INTERMEDIATE.MANIFEST
C:\USERS\ADMINISTRATOR\DESKTOP\图说地理\GIS21_图说地理\DEBUG\GIS21_图说地理.ILK
C:\USERS\ADMINISTRATOR\DESKTOP\图说地理\GIS21_图说地理\DEBUG\GIS21_图说地理.OBJ
C:\USERS\ADMINISTRATOR\DESKTOP\图说地理\GIS21_图说地理\DEBUG\GIS21_图说地理.PCH
C:\USERS\ADMINISTRATOR\DESKTOP\图说地理\GIS21_图说地理\DEBUG\GIS21_图说地理.PDB
C:\USERS\ADMINISTRATOR\DESKTOP\图说地理\GIS21_图说地理\DEBUG\GIS21_图说地理.RES
C:\Users\Administrator\Desktop\图说地理\GIS21_图说地理\Debug\GIS21_图说地理.write.1.tlog
C:\Users\Administrator\Desktop\图说地理\GIS21_图说地理\Debug\GIS21_图说地理_manifest.rc
C:\USERS\ADMINISTRATOR\DESKTOP\图说地理\GIS21_图说地理\DEBUG\GIS21_图说地理DOC.OBJ
C:\USERS\ADMINISTRATOR\DESKTOP\图说地理\GIS21_图说地理\DEBUG\GIS21_图说地理VIEW.OBJ
C:\Users\Administrator\Desktop\图说地理\GIS21_图说地理\Debug\link.18696.read.1.tlog
C:\Users\Administrator\Desktop\图说地理\GIS21_图说地理\Debug\link.18696.write.1.tlog
C:\Users\Administrator\Desktop\图说地理\GIS21_图说地理\Debug\link.18696-cvtres.read.1.tlog
C:\Users\Administrator\Desktop\图说地理\GIS21_图说地理\Debug\link.18696-cvtres.write.1.tlog
C:\Users\Administrator\Desktop\图说地理\GIS21_图说地理\Debug\link.command.1.tlog
C:\Users\Administrator\Desktop\图说地理\GIS21_图说地理\Debug\link.read.1.tlog
C:\Users\Administrator\Desktop\图说地理\GIS21_图说地理\Debug\link.write.1.tlog
C:\Users\Administrator\Desktop\图说地理\GIS21_图说地理\Debug\link-cvtres.read.1.tlog
C:\Users\Administrator\Desktop\图说地理\GIS21_图说地理\Debug\link-cvtres.write.1.tlog
C:\USERS\ADMINISTRATOR\DESKTOP\图说地理\GIS21_图说地理\DEBUG\MAINFRM.OBJ
C:\Users\Administrator\Desktop\图说地理\GIS21_图说地理\Debug\mt.command.1.tlog
C:\Users\Administrator\Desktop\图说地理\GIS21_图说地理\Debug\mt.read.1.tlog
C:\Users\Administrator\Desktop\图说地理\GIS21_图说地理\Debug\mt.write.1.tlog
C:\USERS\ADMINISTRATOR\DESKTOP\图说地理\GIS21_图说地理\DEBUG\PLINE.OBJ
C:\Users\Administrator\Desktop\图说地理\GIS21_图说地理\Debug\rc.command.1.tlog
C:\Users\Administrator\Desktop\图说地理\GIS21_图说地理\Debug\rc.read.1.tlog
C:\Users\Administrator\Desktop\图说地理\GIS21_图说地理\Debug\rc.write.1.tlog
C:\USERS\ADMINISTRATOR\DESKTOP\图说地理\GIS21_图说地理\DEBUG\STDAFX.OBJ
C:\USERS\ADMINISTRATOR\DESKTOP\图说地理\GIS21_图说地理\DEBUG\TEXT.OBJ
C:\USERS\ADMINISTRATOR\DESKTOP\图说地理\GIS21_图说地理\DEBUG\TEXTDLG.OBJ
C:\USERS\ADMINISTRATOR\DESKTOP\图说地理\GIS21_图说地理\DEBUG\TOOL.OBJ
C:\Users\Administrator\Desktop\图说地理\GIS21_图说地理\Debug\vc100.idb
C:\USERS\ADMINISTRATOR\DESKTOP\图说地理\GIS21_图说地理\DEBUG\VC100.PDB
