生成启动时间为 2024/4/29 10:25:03。
     1>项目“C:\Users\Administrator\Desktop\图说地理\GIS21_图说地理\GIS21_图说地理.vcxproj”在节点 2 上(rebuild 个目标)。
     1>_PrepareForClean:
         正在删除文件“Debug\GIS21_图说地理.lastbuildstate”。
       InitializeBuildStatus:
         正在创建“Debug\GIS21_图说地理.unsuccessfulbuild”，因为已指定“AlwaysCreate”。
       ClCompile:
         d:\visual studio\VC\bin\CL.exe /c /ZI /nologo /W3 /WX- /Od /Oy- /D WIN32 /D _WINDOWS /D _DEBUG /D _UNICODE /D UNICODE /D _AFXDLL /Gm /EHsc /RTC1 /MDd /GS /fp:precise /Zc:wchar_t /Zc:forScope /Yc"StdAfx.h" /Fp"Debug\GIS21_图说地理.pch" /Fo"Debug\\" /Fd"Debug\vc100.pdb" /Gd /TP /analyze- /errorReport:prompt stdafx.cpp
         stdafx.cpp
         d:\visual studio\VC\bin\CL.exe /c /ZI /nologo /W3 /WX- /Od /Oy- /D WIN32 /D _WINDOWS /D _DEBUG /D _UNICODE /D UNICODE /D _AFXDLL /Gm /EHsc /RTC1 /MDd /GS /fp:precise /Zc:wchar_t /Zc:forScope /Yu"StdAfx.h" /Fp"Debug\GIS21_图说地理.pch" /Fo"Debug\\" /Fd"Debug\vc100.pdb" /Gd /TP /analyze- /errorReport:prompt ChildFrm.cpp Cpoint.cpp Draw.cpp "GIS21_图说地理.cpp" "GIS21_图说地理Doc.cpp" "GIS21_图说地理View.cpp" MainFrm.cpp PLine.cpp Text.cpp TextDlg.cpp Tool.cpp
         Tool.cpp
         TextDlg.cpp
         Text.cpp
     1>c:\users\administrator\desktop\图说地理\gis21_图说地理\text.cpp(36): warning C4244: “=”: 从“float”转换到“int”，可能丢失数据
     1>c:\users\administrator\desktop\图说地理\gis21_图说地理\text.cpp(39): warning C4244: “=”: 从“float”转换到“int”，可能丢失数据
     1>c:\users\administrator\desktop\图说地理\gis21_图说地理\text.cpp(40): warning C4244: “=”: 从“float”转换到“int”，可能丢失数据
     1>c:\users\administrator\desktop\图说地理\gis21_图说地理\text.cpp(41): warning C4244: “=”: 从“float”转换到“int”，可能丢失数据
     1>c:\users\administrator\desktop\图说地理\gis21_图说地理\text.cpp(42): warning C4244: “参数”: 从“float”转换到“int”，可能丢失数据
         PLine.cpp
     1>c:\users\administrator\desktop\图说地理\gis21_图说地理\pline.cpp(40): warning C4244: “=”: 从“float”转换到“LONG”，可能丢失数据
     1>c:\users\administrator\desktop\图说地理\gis21_图说地理\pline.cpp(41): warning C4244: “=”: 从“float”转换到“LONG”，可能丢失数据
         MainFrm.cpp
         GIS21_图说地理View.cpp
     1>c:\users\administrator\desktop\图说地理\gis21_图说地理\gis21_图说地理view.cpp(188): warning C4244: “=”: 从“LONG”转换到“float”，可能丢失数据
     1>c:\users\administrator\desktop\图说地理\gis21_图说地理\gis21_图说地理view.cpp(188): warning C4244: “=”: 从“LONG”转换到“float”，可能丢失数据
     1>c:\users\administrator\desktop\图说地理\gis21_图说地理\gis21_图说地理view.cpp(196): warning C4244: “=”: 从“LONG”转换到“float”，可能丢失数据
     1>c:\users\administrator\desktop\图说地理\gis21_图说地理\gis21_图说地理view.cpp(197): warning C4244: “=”: 从“LONG”转换到“float”，可能丢失数据
     1>c:\users\administrator\desktop\图说地理\gis21_图说地理\gis21_图说地理view.cpp(219): warning C4244: “=”: 从“UINT”转换到“float”，可能丢失数据
     1>c:\users\administrator\desktop\图说地理\gis21_图说地理\gis21_图说地理view.cpp(220): warning C4244: “=”: 从“UINT”转换到“float”，可能丢失数据
     1>c:\users\administrator\desktop\图说地理\gis21_图说地理\gis21_图说地理view.cpp(221): warning C4244: “=”: 从“UINT”转换到“float”，可能丢失数据
     1>c:\users\administrator\desktop\图说地理\gis21_图说地理\gis21_图说地理view.cpp(222): warning C4244: “=”: 从“int”转换到“float”，可能丢失数据
     1>c:\users\administrator\desktop\图说地理\gis21_图说地理\gis21_图说地理view.cpp(226): warning C4244: “=”: 从“LONG”转换到“float”，可能丢失数据
     1>c:\users\administrator\desktop\图说地理\gis21_图说地理\gis21_图说地理view.cpp(226): warning C4244: “=”: 从“LONG”转换到“float”，可能丢失数据
     1>c:\users\administrator\desktop\图说地理\gis21_图说地理\gis21_图说地理view.cpp(372): warning C4244: “=”: 从“float”转换到“LONG”，可能丢失数据
     1>c:\users\administrator\desktop\图说地理\gis21_图说地理\gis21_图说地理view.cpp(373): warning C4244: “=”: 从“float”转换到“LONG”，可能丢失数据
     1>c:\users\administrator\desktop\图说地理\gis21_图说地理\gis21_图说地理view.cpp(363): warning C4101: “y1”: 未引用的局部变量
     1>c:\users\administrator\desktop\图说地理\gis21_图说地理\gis21_图说地理view.cpp(363): warning C4101: “x1”: 未引用的局部变量
         GIS21_图说地理Doc.cpp
         GIS21_图说地理.cpp
         Draw.cpp
         Cpoint.cpp
     1>c:\users\administrator\desktop\图说地理\gis21_图说地理\cpoint.cpp(30): warning C4244: “=”: 从“float”转换到“int”，可能丢失数据
     1>c:\users\administrator\desktop\图说地理\gis21_图说地理\cpoint.cpp(31): warning C4244: “=”: 从“float”转换到“int”，可能丢失数据
     1>c:\users\administrator\desktop\图说地理\gis21_图说地理\cpoint.cpp(32): warning C4244: “=”: 从“float”转换到“int”，可能丢失数据
     1>c:\users\administrator\desktop\图说地理\gis21_图说地理\cpoint.cpp(36): warning C4244: “=”: 从“double”转换到“LONG”，可能丢失数据
     1>c:\users\administrator\desktop\图说地理\gis21_图说地理\cpoint.cpp(37): warning C4244: “=”: 从“double”转换到“LONG”，可能丢失数据
     1>c:\users\administrator\desktop\图说地理\gis21_图说地理\cpoint.cpp(47): warning C4305: “+=”: 从“double”到“float”截断
     1>c:\users\administrator\desktop\图说地理\gis21_图说地理\cpoint.cpp(51): warning C4244: “参数”: 从“float”转换到“int”，可能丢失数据
     1>c:\users\administrator\desktop\图说地理\gis21_图说地理\cpoint.cpp(51): warning C4244: “参数”: 从“float”转换到“int”，可能丢失数据
         ChildFrm.cpp
         正在生成代码...
       ResourceCompile:
         C:\Program Files (x86)\Microsoft SDKs\Windows\v7.0A\bin\rc.exe /D _DEBUG /D _UNICODE /D UNICODE /D _AFXDLL /l"0x0804" /IDebug\ /nologo /fo"Debug\GIS21_图说地理.res" "GIS21_图说地理.rc" 
       ManifestResourceCompile:
         C:\Program Files (x86)\Microsoft SDKs\Windows\v7.0A\bin\rc.exe /nologo /fo"Debug\GIS21_图说地理.exe.embed.manifest.res" "Debug\GIS21_图说地理_manifest.rc" 
       Link:
         d:\visual studio\VC\bin\link.exe /ERRORREPORT:PROMPT /OUT:"C:\Users\Administrator\Desktop\图说地理\GIS21_图说地理\Debug\GIS21_图说地理.exe" /INCREMENTAL /NOLOGO /MANIFEST /ManifestFile:"Debug\GIS21_图说地理.exe.intermediate.manifest" /MANIFESTUAC:"level='asInvoker' uiAccess='false'" /DEBUG /PDB:"C:\Users\Administrator\Desktop\图说地理\GIS21_图说地理\Debug\GIS21_图说地理.pdb" /SUBSYSTEM:WINDOWS /TLBID:1 /ENTRY:"wWinMainCRTStartup" /DYNAMICBASE /NXCOMPAT /IMPLIB:"C:\Users\Administrator\Desktop\图说地理\GIS21_图说地理\Debug\GIS21_图说地理.lib" /MACHINE:X86 "Debug\GIS21_图说地理.res"
         "Debug\GIS21_图说地理.exe.embed.manifest.res"
         Debug\ChildFrm.obj
         Debug\Cpoint.obj
         Debug\Draw.obj
         "Debug\GIS21_图说地理.obj"
         "Debug\GIS21_图说地理Doc.obj"
         "Debug\GIS21_图说地理View.obj"
         Debug\MainFrm.obj
         Debug\PLine.obj
         Debug\stdafx.obj
         Debug\Text.obj
         Debug\TextDlg.obj
         Debug\Tool.obj
       Manifest:
         正在删除文件“Debug\GIS21_图说地理.exe.embed.manifest”。
         C:\Program Files (x86)\Microsoft SDKs\Windows\v7.0A\bin\mt.exe /nologo /verbose /out:"Debug\GIS21_图说地理.exe.embed.manifest" /manifest "Debug\GIS21_图说地理.exe.intermediate.manifest" "d:\visual studio\VC\Include\Manifest\dpiaware.manifest"
         C:\Program Files (x86)\Microsoft SDKs\Windows\v7.0A\bin\rc.exe /nologo /fo"Debug\GIS21_图说地理.exe.embed.manifest.res" "Debug\GIS21_图说地理_manifest.rc" 
       LinkEmbedManifest:
         d:\visual studio\VC\bin\link.exe /ERRORREPORT:PROMPT /OUT:"C:\Users\Administrator\Desktop\图说地理\GIS21_图说地理\Debug\GIS21_图说地理.exe" /INCREMENTAL /NOLOGO /MANIFEST /ManifestFile:"Debug\GIS21_图说地理.exe.intermediate.manifest" /MANIFESTUAC:"level='asInvoker' uiAccess='false'" /DEBUG /PDB:"C:\Users\Administrator\Desktop\图说地理\GIS21_图说地理\Debug\GIS21_图说地理.pdb" /SUBSYSTEM:WINDOWS /TLBID:1 /ENTRY:"wWinMainCRTStartup" /DYNAMICBASE /NXCOMPAT /IMPLIB:"C:\Users\Administrator\Desktop\图说地理\GIS21_图说地理\Debug\GIS21_图说地理.lib" /MACHINE:X86 "Debug\GIS21_图说地理.res"
         "Debug\GIS21_图说地理.exe.embed.manifest.res"
         Debug\ChildFrm.obj
         Debug\Cpoint.obj
         Debug\Draw.obj
         "Debug\GIS21_图说地理.obj"
         "Debug\GIS21_图说地理Doc.obj"
         "Debug\GIS21_图说地理View.obj"
         Debug\MainFrm.obj
         Debug\PLine.obj
         Debug\stdafx.obj
         Debug\Text.obj
         Debug\TextDlg.obj
         Debug\Tool.obj
         GIS21_图说地理.vcxproj -> C:\Users\Administrator\Desktop\图说地理\GIS21_图说地理\Debug\GIS21_图说地理.exe
       FinalizeBuildStatus:
         正在删除文件“Debug\GIS21_图说地理.unsuccessfulbuild”。
         正在对“Debug\GIS21_图说地理.lastbuildstate”执行 Touch 任务。
     1>已完成生成项目“C:\Users\Administrator\Desktop\图说地理\GIS21_图说地理\GIS21_图说地理.vcxproj”(rebuild 个目标)的操作。

生成成功。

已用时间 00:00:04.01
